<?xml version="1.0" encoding="UTF-8"?>
<testng-results ignored="0" total="2" passed="2" failed="0" skipped="0">
  <reporter-output>
  </reporter-output>
  <suite started-at="2023-05-15T11:20:00 IST" name="Default suite" finished-at="2023-05-15T11:20:31 IST" duration-ms="31423">
    <groups>
    </groups>
    <test started-at="2023-05-15T11:20:00 IST" name="Default test" finished-at="2023-05-15T11:20:31 IST" duration-ms="31423">
      <class name="testScripts.PlaceOrderTest">
        <test-method is-config="true" signature="setup()[pri:0, instance:testScripts.PlaceOrderTest@5b1669c0]" started-at="2023-05-15T11:20:00 IST" name="setup" finished-at="2023-05-15T11:20:26 IST" duration-ms="26020" status="PASS">
          <reporter-output>
          </reporter-output>
        </test-method> <!-- setup -->
        <test-method signature="addItemTest()[pri:0, instance:testScripts.PlaceOrderTest@5b1669c0]" started-at="2023-05-15T11:20:26 IST" name="addItemTest" finished-at="2023-05-15T11:20:27 IST" duration-ms="1547" status="PASS">
          <reporter-output>
          </reporter-output>
        </test-method> <!-- addItemTest -->
        <test-method signature="checkOutTest()[pri:0, instance:testScripts.PlaceOrderTest@5b1669c0]" started-at="2023-05-15T11:20:27 IST" name="checkOutTest" finished-at="2023-05-15T11:20:30 IST" duration-ms="3128" status="PASS">
          <reporter-output>
          </reporter-output>
        </test-method> <!-- checkOutTest -->
        <test-method is-config="true" signature="tearDown()[pri:0, instance:testScripts.PlaceOrderTest@5b1669c0]" started-at="2023-05-15T11:20:30 IST" name="tearDown" finished-at="2023-05-15T11:20:31 IST" duration-ms="647" status="PASS">
          <reporter-output>
          </reporter-output>
        </test-method> <!-- tearDown -->
      </class> <!-- testScripts.PlaceOrderTest -->
    </test> <!-- Default test -->
  </suite> <!-- Default suite -->
</testng-results>
